yarn add v1.22.15
warning package-lock.json found. Your project contains lock files generated by tools other than Yarn. It is advised not to mix package managers in order to avoid resolution inconsistencies caused by unsynchronized lock files. To clear this warning, remove package-lock.json.
[1/4] Resolving packages...
warning @storybook/react-vite > @joshwooding/vite-plugin-react-docgen-typescript > glob@7.2.3: Glob versions prior to v9 are no longer supported
[2/4] Fetching packages...
info lightningcss-darwin-arm64@1.19.0: The CPU architecture "x64" is incompatible with this module.
info "lightningcss-darwin-arm64@1.19.0" is an optional dependency and failed compatibility check. Excluding it from installation.
info lightningcss-linux-arm-gnueabihf@1.19.0: The platform "darwin" is incompatible with this module.
info "lightningcss-linux-arm-gnueabihf@1.19.0" is an optional dependency and failed compatibility check. Excluding it from installation.
info lightningcss-linux-arm-gnueabihf@1.19.0: The CPU architecture "x64" is incompatible with this module.
info lightningcss-linux-arm64-gnu@1.19.0: The platform "darwin" is incompatible with this module.
info "lightningcss-linux-arm64-gnu@1.19.0" is an optional dependency and failed compatibility check. Excluding it from installation.
info lightningcss-linux-arm64-gnu@1.19.0: The CPU architecture "x64" is incompatible with this module.
info lightningcss-linux-arm64-musl@1.19.0: The platform "darwin" is incompatible with this module.
info "lightningcss-linux-arm64-musl@1.19.0" is an optional dependency and failed compatibility check. Excluding it from installation.
info lightningcss-linux-arm64-musl@1.19.0: The CPU architecture "x64" is incompatible with this module.
info lightningcss-linux-x64-gnu@1.19.0: The platform "darwin" is incompatible with this module.
info "lightningcss-linux-x64-gnu@1.19.0" is an optional dependency and failed compatibility check. Excluding it from installation.
info lightningcss-linux-x64-musl@1.19.0: The platform "darwin" is incompatible with this module.
info "lightningcss-linux-x64-musl@1.19.0" is an optional dependency and failed compatibility check. Excluding it from installation.
info lightningcss-win32-x64-msvc@1.19.0: The platform "darwin" is incompatible with this module.
info "lightningcss-win32-x64-msvc@1.19.0" is an optional dependency and failed compatibility check. Excluding it from installation.
info @esbuild/android-arm@0.18.20: The platform "darwin" is incompatible with this module.
info "@esbuild/android-arm@0.18.20" is an optional dependency and failed compatibility check. Excluding it from installation.
info @esbuild/android-arm@0.18.20: The CPU architecture "x64" is incompatible with this module.
info @esbuild/android-arm64@0.18.20: The platform "darwin" is incompatible with this module.
info "@esbuild/android-arm64@0.18.20" is an optional dependency and failed compatibility check. Excluding it from installation.
info @esbuild/android-arm64@0.18.20: The CPU architecture "x64" is incompatible with this module.
info @esbuild/android-x64@0.18.20: The platform "darwin" is incompatible with this module.
info "@esbuild/android-x64@0.18.20" is an optional dependency and failed compatibility check. Excluding it from installation.
info @esbuild/darwin-arm64@0.18.20: The CPU architecture "x64" is incompatible with this module.
info "@esbuild/darwin-arm64@0.18.20" is an optional dependency and failed compatibility check. Excluding it from installation.
info @esbuild/freebsd-arm64@0.18.20: The platform "darwin" is incompatible with this module.
info "@esbuild/freebsd-arm64@0.18.20" is an optional dependency and failed compatibility check. Excluding it from installation.
info @esbuild/freebsd-arm64@0.18.20: The CPU architecture "x64" is incompatible with this module.
info @esbuild/freebsd-x64@0.18.20: The platform "darwin" is incompatible with this module.
info "@esbuild/freebsd-x64@0.18.20" is an optional dependency and failed compatibility check. Excluding it from installation.
info @esbuild/linux-arm@0.18.20: The platform "darwin" is incompatible with this module.
info "@esbuild/linux-arm@0.18.20" is an optional dependency and failed compatibility check. Excluding it from installation.
info @esbuild/linux-arm@0.18.20: The CPU architecture "x64" is incompatible with this module.
info @esbuild/linux-arm64@0.18.20: The platform "darwin" is incompatible with this module.
info "@esbuild/linux-arm64@0.18.20" is an optional dependency and failed compatibility check. Excluding it from installation.
info @esbuild/linux-arm64@0.18.20: The CPU architecture "x64" is incompatible with this module.
info @esbuild/linux-ia32@0.18.20: The platform "darwin" is incompatible with this module.
info "@esbuild/linux-ia32@0.18.20" is an optional dependency and failed compatibility check. Excluding it from installation.
info @esbuild/linux-ia32@0.18.20: The CPU architecture "x64" is incompatible with this module.
info @esbuild/linux-loong64@0.18.20: The platform "darwin" is incompatible with this module.
info "@esbuild/linux-loong64@0.18.20" is an optional dependency and failed compatibility check. Excluding it from installation.
info @esbuild/linux-loong64@0.18.20: The CPU architecture "x64" is incompatible with this module.
info @esbuild/linux-mips64el@0.18.20: The platform "darwin" is incompatible with this module.
info "@esbuild/linux-mips64el@0.18.20" is an optional dependency and failed compatibility check. Excluding it from installation.
info @esbuild/linux-mips64el@0.18.20: The CPU architecture "x64" is incompatible with this module.
info @esbuild/linux-ppc64@0.18.20: The platform "darwin" is incompatible with this module.
info "@esbuild/linux-ppc64@0.18.20" is an optional dependency and failed compatibility check. Excluding it from installation.
info @esbuild/linux-ppc64@0.18.20: The CPU architecture "x64" is incompatible with this module.
info @esbuild/linux-riscv64@0.18.20: The platform "darwin" is incompatible with this module.
info "@esbuild/linux-riscv64@0.18.20" is an optional dependency and failed compatibility check. Excluding it from installation.
info @esbuild/linux-riscv64@0.18.20: The CPU architecture "x64" is incompatible with this module.
info @esbuild/linux-s390x@0.18.20: The platform "darwin" is incompatible with this module.
info "@esbuild/linux-s390x@0.18.20" is an optional dependency and failed compatibility check. Excluding it from installation.
info @esbuild/linux-s390x@0.18.20: The CPU architecture "x64" is incompatible with this module.
info @esbuild/linux-x64@0.18.20: The platform "darwin" is incompatible with this module.
info "@esbuild/linux-x64@0.18.20" is an optional dependency and failed compatibility check. Excluding it from installation.
info @esbuild/netbsd-x64@0.18.20: The platform "darwin" is incompatible with this module.
info "@esbuild/netbsd-x64@0.18.20" is an optional dependency and failed compatibility check. Excluding it from installation.
info @esbuild/openbsd-x64@0.18.20: The platform "darwin" is incompatible with this module.
info "@esbuild/openbsd-x64@0.18.20" is an optional dependency and failed compatibility check. Excluding it from installation.
info @esbuild/sunos-x64@0.18.20: The platform "darwin" is incompatible with this module.
info "@esbuild/sunos-x64@0.18.20" is an optional dependency and failed compatibility check. Excluding it from installation.
info @esbuild/win32-arm64@0.18.20: The platform "darwin" is incompatible with this module.
info "@esbuild/win32-arm64@0.18.20" is an optional dependency and failed compatibility check. Excluding it from installation.
info @esbuild/win32-arm64@0.18.20: The CPU architecture "x64" is incompatible with this module.
info @esbuild/win32-ia32@0.18.20: The platform "darwin" is incompatible with this module.
info "@esbuild/win32-ia32@0.18.20" is an optional dependency and failed compatibility check. Excluding it from installation.
info @esbuild/win32-ia32@0.18.20: The CPU architecture "x64" is incompatible with this module.
info @esbuild/win32-x64@0.18.20: The platform "darwin" is incompatible with this module.
info "@esbuild/win32-x64@0.18.20" is an optional dependency and failed compatibility check. Excluding it from installation.
info @esbuild/aix-ppc64@0.23.1: The platform "darwin" is incompatible with this module.
info "@esbuild/aix-ppc64@0.23.1" is an optional dependency and failed compatibility check. Excluding it from installation.
info @esbuild/aix-ppc64@0.23.1: The CPU architecture "x64" is incompatible with this module.
info @esbuild/android-arm@0.23.1: The platform "darwin" is incompatible with this module.
info "@esbuild/android-arm@0.23.1" is an optional dependency and failed compatibility check. Excluding it from installation.
info @esbuild/android-arm@0.23.1: The CPU architecture "x64" is incompatible with this module.
info @esbuild/android-arm64@0.23.1: The platform "darwin" is incompatible with this module.
info "@esbuild/android-arm64@0.23.1" is an optional dependency and failed compatibility check. Excluding it from installation.
info @esbuild/android-arm64@0.23.1: The CPU architecture "x64" is incompatible with this module.
info @esbuild/android-x64@0.23.1: The platform "darwin" is incompatible with this module.
info "@esbuild/android-x64@0.23.1" is an optional dependency and failed compatibility check. Excluding it from installation.
info @esbuild/darwin-arm64@0.23.1: The CPU architecture "x64" is incompatible with this module.
info "@esbuild/darwin-arm64@0.23.1" is an optional dependency and failed compatibility check. Excluding it from installation.
info @esbuild/freebsd-arm64@0.23.1: The platform "darwin" is incompatible with this module.
info "@esbuild/freebsd-arm64@0.23.1" is an optional dependency and failed compatibility check. Excluding it from installation.
info @esbuild/freebsd-arm64@0.23.1: The CPU architecture "x64" is incompatible with this module.
info @esbuild/freebsd-x64@0.23.1: The platform "darwin" is incompatible with this module.
info "@esbuild/freebsd-x64@0.23.1" is an optional dependency and failed compatibility check. Excluding it from installation.
info @esbuild/linux-arm64@0.23.1: The platform "darwin" is incompatible with this module.
info "@esbuild/linux-arm64@0.23.1" is an optional dependency and failed compatibility check. Excluding it from installation.
info @esbuild/linux-arm64@0.23.1: The CPU architecture "x64" is incompatible with this module.
info @esbuild/linux-arm@0.23.1: The platform "darwin" is incompatible with this module.
info "@esbuild/linux-arm@0.23.1" is an optional dependency and failed compatibility check. Excluding it from installation.
info @esbuild/linux-arm@0.23.1: The CPU architecture "x64" is incompatible with this module.
info @esbuild/linux-ia32@0.23.1: The platform "darwin" is incompatible with this module.
info "@esbuild/linux-ia32@0.23.1" is an optional dependency and failed compatibility check. Excluding it from installation.
info @esbuild/linux-ia32@0.23.1: The CPU architecture "x64" is incompatible with this module.
info @esbuild/linux-loong64@0.23.1: The platform "darwin" is incompatible with this module.
info "@esbuild/linux-loong64@0.23.1" is an optional dependency and failed compatibility check. Excluding it from installation.
info @esbuild/linux-loong64@0.23.1: The CPU architecture "x64" is incompatible with this module.
info @esbuild/linux-mips64el@0.23.1: The platform "darwin" is incompatible with this module.
info "@esbuild/linux-mips64el@0.23.1" is an optional dependency and failed compatibility check. Excluding it from installation.
info @esbuild/linux-mips64el@0.23.1: The CPU architecture "x64" is incompatible with this module.
info @esbuild/linux-riscv64@0.23.1: The platform "darwin" is incompatible with this module.
info "@esbuild/linux-riscv64@0.23.1" is an optional dependency and failed compatibility check. Excluding it from installation.
info @esbuild/linux-riscv64@0.23.1: The CPU architecture "x64" is incompatible with this module.
info @esbuild/linux-ppc64@0.23.1: The platform "darwin" is incompatible with this module.
info "@esbuild/linux-ppc64@0.23.1" is an optional dependency and failed compatibility check. Excluding it from installation.
info @esbuild/linux-ppc64@0.23.1: The CPU architecture "x64" is incompatible with this module.
info @esbuild/linux-s390x@0.23.1: The platform "darwin" is incompatible with this module.
info "@esbuild/linux-s390x@0.23.1" is an optional dependency and failed compatibility check. Excluding it from installation.
info @esbuild/linux-s390x@0.23.1: The CPU architecture "x64" is incompatible with this module.
info @esbuild/linux-x64@0.23.1: The platform "darwin" is incompatible with this module.
info "@esbuild/linux-x64@0.23.1" is an optional dependency and failed compatibility check. Excluding it from installation.
info @esbuild/openbsd-arm64@0.23.1: The platform "darwin" is incompatible with this module.
info "@esbuild/openbsd-arm64@0.23.1" is an optional dependency and failed compatibility check. Excluding it from installation.
info @esbuild/openbsd-arm64@0.23.1: The CPU architecture "x64" is incompatible with this module.
info @esbuild/netbsd-x64@0.23.1: The platform "darwin" is incompatible with this module.
info "@esbuild/netbsd-x64@0.23.1" is an optional dependency and failed compatibility check. Excluding it from installation.
info @esbuild/openbsd-x64@0.23.1: The platform "darwin" is incompatible with this module.
info "@esbuild/openbsd-x64@0.23.1" is an optional dependency and failed compatibility check. Excluding it from installation.
info @esbuild/sunos-x64@0.23.1: The platform "darwin" is incompatible with this module.
info "@esbuild/sunos-x64@0.23.1" is an optional dependency and failed compatibility check. Excluding it from installation.
info @esbuild/win32-arm64@0.23.1: The platform "darwin" is incompatible with this module.
info "@esbuild/win32-arm64@0.23.1" is an optional dependency and failed compatibility check. Excluding it from installation.
info @esbuild/win32-arm64@0.23.1: The CPU architecture "x64" is incompatible with this module.
info @esbuild/win32-ia32@0.23.1: The platform "darwin" is incompatible with this module.
info "@esbuild/win32-ia32@0.23.1" is an optional dependency and failed compatibility check. Excluding it from installation.
info @esbuild/win32-ia32@0.23.1: The CPU architecture "x64" is incompatible with this module.
info @esbuild/win32-x64@0.23.1: The platform "darwin" is incompatible with this module.
info "@esbuild/win32-x64@0.23.1" is an optional dependency and failed compatibility check. Excluding it from installation.
error @chromatic-com/storybook@1.9.0: The engine "yarn" is incompatible with this module. Expected version ">=1.22.18". Got "1.22.15"
error Found incompatible module.
info Visit https://yarnpkg.com/en/docs/cli/add for documentation about this command.
